<?xml version="1.0" encoding="UTF-8"?>
<!-- Generated by org.testng.reporters.JUnitXMLReporter -->
<testsuite ignored="0" hostname="DESKTOP-UDH7RLJ" failures="0" tests="2" name="Test-chrome" time="64.761" errors="0" timestamp="2023-04-25T17:10:13 IST">
  <testcase classname="vtigerFrameworkReal.genericutility.BaseClass" name="@BeforeTest bcConfic" time="7.983">
    <failure type="org.openqa.selenium.SessionNotCreatedException" message="Could not start a new session. Possible causes are invalid address of the remote server or browser start-up failure. 
Host info: host: &amp;apos;DESKTOP-UDH7RLJ&amp;apos;, ip: &amp;apos;192.168.223.1&amp;apos;">
      <![CDATA[org.openqa.selenium.SessionNotCreatedException: Could not start a new session. Possible causes are invalid address of the remote server or browser start-up failure. 
Host info: host: 'DESKTOP-UDH7RLJ', ip: '192.168.223.1'
at org.openqa.selenium.remote.RemoteWebDriver.execute(RemoteWebDriver.java:561)
at org.openqa.selenium.remote.RemoteWebDriver.startSession(RemoteWebDriver.java:229)
at org.openqa.selenium.remote.RemoteWebDriver.<init>(RemoteWebDriver.java:157)
at org.openqa.selenium.firefox.FirefoxDriver.<init>(FirefoxDriver.java:150)
at org.openqa.selenium.firefox.FirefoxDriver.<init>(FirefoxDriver.java:146)
at org.openqa.selenium.firefox.FirefoxDriver.<init>(FirefoxDriver.java:131)
at org.openqa.selenium.firefox.FirefoxDriver.<init>(FirefoxDriver.java:127)
at org.openqa.selenium.firefox.FirefoxDriver.<init>(FirefoxDriver.java:112)
at org.openqa.selenium.firefox.FirefoxDriver.<init>(FirefoxDriver.java:102)
at vtigerFrameworkReal.genericutility.BaseClass.bcConfic(BaseClass.java:43)
at java.base/java.util.concurrent.FutureTask.run(FutureTask.java:264)
at java.base/java.util.concurrent.ThreadPoolExecutor.runWorker(ThreadPoolExecutor.java:1136)
at java.base/java.util.concurrent.ThreadPoolExecutor$Worker.run(ThreadPoolExecutor.java:635)
at java.base/java.lang.Thread.run(Thread.java:833)
Caused by: org.openqa.selenium.WebDriverException: Driver server process died prematurely.
Build info: version: '4.8.3', revision: 'e5e76298c3'
System info: os.name: 'Windows 10', os.arch: 'amd64', os.version: '10.0', java.version: '18.0.1.1'
Driver info: driver.version: FirefoxDriver
at org.openqa.selenium.remote.service.DriverService.start(DriverService.java:234)
at org.openqa.selenium.remote.service.DriverCommandExecutor.execute(DriverCommandExecutor.java:114)
at org.openqa.selenium.remote.RemoteWebDriver.execute(RemoteWebDriver.java:543)
... 26 more
... Removed 13 stack frames]]>
    </failure>
  </testcase> <!-- @BeforeTest bcConfic -->
  <testcase classname="vtigerFrameworkReal.genericutility.BaseClass" name="@BeforeMethod bmConfig" time="-1.68242275702E9">
    <skipped/>
  </testcase> <!-- @BeforeMethod bmConfig -->
  <testcase classname="vtigerFrameworkReal.genericutility.BaseClass" name="@AfterMethod amConfig" time="-1.682422757031E9">
    <skipped/>
  </testcase> <!-- @AfterMethod amConfig -->
  <testcase classname="vtigerFrameworkReal.genericutility.BaseClass" name="@BeforeMethod bmConfig" time="-1.682422757069E9">
    <skipped/>
  </testcase> <!-- @BeforeMethod bmConfig -->
  <testcase classname="vtigerFrameworkReal.genericutility.BaseClass" name="@AfterMethod amConfig" time="-1.682422757076E9">
    <skipped/>
  </testcase> <!-- @AfterMethod amConfig -->
  <testcase classname="vtigerFrameworkReal.genericutility.BaseClass" name="@AfterTest acConfig" time="-1.682422757082E9">
    <skipped/>
  </testcase> <!-- @AfterTest acConfig -->
  <testcase classname="vtigerFrameworkReal.organisationstest.CreateOrganisationWithIndustry" name="CreateOrgWithIndustryTest" time="16.958"/>
  <testcase classname="vtigerFrameworkReal.organisationstest.CreateOrganisationWithIndustry" name="demoRegression" time="0.002"/>
</testsuite> <!-- Test-chrome -->
