<?xml version="1.0" encoding="UTF-8"?>
<!-- Generated by org.testng.reporters.JUnitXMLReporter -->
<testsuite ignored="0" hostname="DESKTOP-UDH7RLJ" failures="0" tests="1" name="Test-runner-1" time="166.663" errors="0" timestamp="2023-04-25T12:11:19 IST">
  <testcase classname="vtigerFrameworkReal.contactstest.CreateContactWithOrgTest" name="createContactWithOrganisationTest" time="94.792"/>
</testsuite> <!-- Test-runner-1 -->
