<?xml version="1.0" encoding="UTF-8"?>
<!-- Generated by org.testng.reporters.JUnitReportReporter -->
<testsuite hostname="DESKTOP-UDH7RLJ" failures="0" tests="6" name="vtigerFrameworkReal.organisationstest.MultipleOrgTest" time="237.070" errors="0" timestamp="2023-04-25T10:51:41 IST" skipped="0">
  <testcase classname="vtigerFrameworkReal.organisationstest.MultipleOrgTest" name="readMultipleDataTest" time="36.704"/>
  <system-out/>
  <testcase classname="vtigerFrameworkReal.organisationstest.MultipleOrgTest" name="readMultipleDataTest" time="62.180"/>
  <system-out/>
  <testcase classname="vtigerFrameworkReal.organisationstest.MultipleOrgTest" name="readMultipleDataTest" time="31.696"/>
  <system-out/>
  <testcase classname="vtigerFrameworkReal.organisationstest.MultipleOrgTest" name="readMultipleDataTest" time="29.883"/>
  <system-out/>
  <testcase classname="vtigerFrameworkReal.organisationstest.MultipleOrgTest" name="readMultipleDataTest" time="44.111"/>
  <system-out/>
  <testcase classname="vtigerFrameworkReal.organisationstest.MultipleOrgTest" name="readMultipleDataTest" time="32.496"/>
  <system-out/>
</testsuite> <!-- vtigerFrameworkReal.organisationstest.MultipleOrgTest -->
